<?xml version="1.0" encoding="UTF-8"?>
<coverage generated="1461490682">
  <project timestamp="1461490682">
    <package name="PhpAb\Analytics">
      <file name="/vagrant/analytics-pdo/src/PDO.php">
        <class name="PDO" namespace="PhpAb\Analytics" fullPackage="PhpAb" package="PhpAb">
          <metrics methods="3" coveredmethods="3" conditionals="0" coveredconditionals="0" statements="44" coveredstatements="44" elements="47" coveredelements="47"/>
        </class>
        <line num="43" type="method" name="__construct" crap="1" count="2"/>
        <line num="45" type="stmt" count="2"/>
        <line num="46" type="stmt" count="2"/>
        <line num="47" type="stmt" count="2"/>
        <line num="48" type="stmt" count="2"/>
        <line num="55" type="method" name="processOptions" crap="8" count="2"/>
        <line num="57" type="stmt" count="2"/>
        <line num="59" type="stmt" count="2"/>
        <line num="60" type="stmt" count="2"/>
        <line num="61" type="stmt" count="2"/>
        <line num="62" type="stmt" count="2"/>
        <line num="63" type="stmt" count="2"/>
        <line num="64" type="stmt" count="2"/>
        <line num="65" type="stmt" count="2"/>
        <line num="66" type="stmt" count="2"/>
        <line num="67" type="stmt" count="2"/>
        <line num="68" type="stmt" count="2"/>
        <line num="69" type="stmt" count="2"/>
        <line num="70" type="stmt" count="2"/>
        <line num="71" type="stmt" count="2"/>
        <line num="72" type="stmt" count="2"/>
        <line num="74" type="stmt" count="2"/>
        <line num="85" type="method" name="store" crap="3" count="2"/>
        <line num="87" type="stmt" count="2"/>
        <line num="88" type="stmt" count="1"/>
        <line num="91" type="stmt" count="1"/>
        <line num="93" type="stmt" count="1"/>
        <line num="94" type="stmt" count="1"/>
        <line num="95" type="stmt" count="1"/>
        <line num="96" type="stmt" count="1"/>
        <line num="97" type="stmt" count="1"/>
        <line num="98" type="stmt" count="1"/>
        <line num="99" type="stmt" count="1"/>
        <line num="100" type="stmt" count="1"/>
        <line num="101" type="stmt" count="1"/>
        <line num="102" type="stmt" count="1"/>
        <line num="103" type="stmt" count="1"/>
        <line num="105" type="stmt" count="1"/>
        <line num="107" type="stmt" count="1"/>
        <line num="108" type="stmt" count="1"/>
        <line num="109" type="stmt" count="1"/>
        <line num="110" type="stmt" count="1"/>
        <line num="111" type="stmt" count="1"/>
        <line num="112" type="stmt" count="1"/>
        <line num="113" type="stmt" count="1"/>
        <line num="114" type="stmt" count="1"/>
        <line num="117" type="stmt" count="1"/>
        <metrics loc="119" ncloc="78" classes="1" methods="3" coveredmethods="3" conditionals="0" coveredconditionals="0" statements="44" coveredstatements="44" elements="47" coveredelements="47"/>
      </file>
    </package>
    <metrics files="1" loc="119" ncloc="78" classes="1" methods="3" coveredmethods="3" conditionals="0" coveredconditionals="0" statements="44" coveredstatements="44" elements="47" coveredelements="47"/>
  </project>
</coverage>
